<?xml version="1.0" encoding="utf-8"?>
<Commands>
  <Command type="Noop" />
</Commands>
